===>  License GPLv2 accepted by the user
===>  Extracting for imspector-20111108
=> SHA256 Checksum OK for imspector-20111108.tar.gz.
/bin/mv	/usr/ports/net-im/imspector-devel/work/imspector /usr/ports/net-im/imspector-devel/work/imspector-20111108
===>  Patching for imspector-20111108
===>  Applying FreeBSD patches for imspector-20111108
===>   imspector-20111108 depends on executable: gmake - found
===>   imspector-20111108 depends on shared library: mysqlclient.18 - found
===>   imspector-20111108 depends on shared library: sqlite3.8 - found
===>   imspector-20111108 depends on shared library: iconv.3 - found
===>  Configuring for imspector-20111108
===>  Building for imspector-20111108
c++ -O2 -pipe -fPIC -I /usr/local/include -DHAVE_SSL -fno-strict-aliasing main.cpp -c
c++ -O2 -pipe -fPIC -I /usr/local/include -DHAVE_SSL -fno-strict-aliasing protocolplugin.cpp -c
c++ -O2 -pipe -fPIC -I /usr/local/include -DHAVE_SSL -fno-strict-aliasing loggingplugin.cpp -c
c++ -O2 -pipe -fPIC -I /usr/local/include -DHAVE_SSL -fno-strict-aliasing filterplugin.cpp -c
c++ -O2 -pipe -fPIC -I /usr/local/include -DHAVE_SSL -fno-strict-aliasing responderplugin.cpp -c
c++ -O2 -pipe -fPIC -I /usr/local/include -DHAVE_SSL -fno-strict-aliasing sslstate.cpp -c
c++ -O2 -pipe -fPIC -I /usr/local/include -DHAVE_SSL -fno-strict-aliasing socket.cpp -c
c++ -O2 -pipe -fPIC -I /usr/local/include -DHAVE_SSL -fno-strict-aliasing options.cpp -c
c++ -O2 -pipe -fPIC -I /usr/local/include -DHAVE_SSL -fno-strict-aliasing tools.cpp -c
c++ socket.o options.o tools.o  -fPIC -shared -Wl,-soname,libimspector.so -o libimspector.so
c++ main.o protocolplugin.o loggingplugin.o filterplugin.o responderplugin.o sslstate.o  libimspector.so -o imspector -L/usr/lib -lssl
c++ -O2 -pipe -fPIC -I /usr/local/include -DHAVE_SSL -fno-strict-aliasing msnprotocolplugin.cpp -c
c++ msnprotocolplugin.o libimspector.so  -fPIC -shared -Wl,-soname,msnprotocolplugin.so -o msnprotocolplugin.so
c++ -O2 -pipe -fPIC -I /usr/local/include -DHAVE_SSL -fno-strict-aliasing icqprotocolplugin.cpp -c
c++ icqprotocolplugin.o libimspector.so  -fPIC -shared -Wl,-soname,icqprotocolplugin.so -o icqprotocolplugin.so -liconv -L/usr/local/lib
c++ -O2 -pipe -fPIC -I /usr/local/include -DHAVE_SSL -fno-strict-aliasing yahooprotocolplugin.cpp -c
c++ yahooprotocolplugin.o libimspector.so  -fPIC -shared -Wl,-soname,yahooprotocolplugin.so -o yahooprotocolplugin.so
c++ -O2 -pipe -fPIC -I /usr/local/include -DHAVE_SSL -fno-strict-aliasing ircprotocolplugin.cpp -c
c++ ircprotocolplugin.o libimspector.so  -fPIC -shared -Wl,-soname,ircprotocolplugin.so -o ircprotocolplugin.so
c++ -O2 -pipe -fPIC -I /usr/local/include -DHAVE_SSL -fno-strict-aliasing ggprotocolplugin.cpp -c
c++ ggprotocolplugin.o libimspector.so  -fPIC -shared -Wl,-soname,ggprotocolplugin.so -o ggprotocolplugin.so
c++ -O2 -pipe -fPIC -I /usr/local/include -DHAVE_SSL -fno-strict-aliasing jabberprotocolplugin.cpp -c
c++ jabberprotocolplugin.o libimspector.so  -fPIC -shared -Wl,-soname,jabberprotocolplugin.so -o jabberprotocolplugin.so
c++ -O2 -pipe -fPIC -I /usr/local/include -DHAVE_SSL -fno-strict-aliasing httpsprotocolplugin.cpp -c
c++ httpsprotocolplugin.o libimspector.so  -fPIC -shared -Wl,-soname,httpsprotocolplugin.so -o httpsprotocolplugin.so
c++ -O2 -pipe -fPIC -I /usr/local/include -DHAVE_SSL -fno-strict-aliasing fileloggingplugin.cpp -c
c++ fileloggingplugin.o libimspector.so  -fPIC -shared -Wl,-soname,fileloggingplugin.so -o fileloggingplugin.so
c++ -O2 -pipe -fPIC -I /usr/local/include -DHAVE_SSL -fno-strict-aliasing debugloggingplugin.cpp -c
c++ debugloggingplugin.o libimspector.so  -fPIC -shared -Wl,-soname,debugloggingplugin.so -o debugloggingplugin.so
c++ -O2 -pipe -fPIC -I /usr/local/include -DHAVE_SSL -fno-strict-aliasing catsloggingplugin.cpp -c
c++ catsloggingplugin.o libimspector.so  -fPIC -shared -Wl,-soname,catsloggingplugin.so -o catsloggingplugin.so
c++ -O2 -pipe -fPIC -I /usr/local/include -DHAVE_SSL -fno-strict-aliasing badwordsfilterplugin.cpp -c
c++ badwordsfilterplugin.o libimspector.so  -fPIC -shared -Wl,-soname,badwordsfilterplugin.so -o badwordsfilterplugin.so
c++ -O2 -pipe -fPIC -I /usr/local/include -DHAVE_SSL -fno-strict-aliasing aclfilterplugin.cpp -c
c++ aclfilterplugin.o libimspector.so  -fPIC -shared -Wl,-soname,aclfilterplugin.so -o aclfilterplugin.so
c++ -O2 -pipe -fPIC -I /usr/local/include -DHAVE_SSL -fno-strict-aliasing miscfilterplugin.cpp -c
c++ miscfilterplugin.o libimspector.so  -fPIC -shared -Wl,-soname,miscfilterplugin.so -o miscfilterplugin.so
c++ -O2 -pipe -fPIC -I /usr/local/include -DHAVE_SSL -fno-strict-aliasing censordfilterplugin.cpp -c
c++ censordfilterplugin.o libimspector.so  -fPIC -shared -Wl,-soname,censordfilterplugin.so -o censordfilterplugin.so
c++ -O2 -pipe -fPIC -I /usr/local/include -DHAVE_SSL -fno-strict-aliasing mysqlloggingplugin.cpp -c -I/usr/local/include
c++ mysqlloggingplugin.o libimspector.so  -fPIC -shared -Wl,-soname,mysqlloggingplugin.so -o mysqlloggingplugin.so -L/usr/local/lib/mysql -lmysqlclient
c++ -O2 -pipe -fPIC -I /usr/local/include -DHAVE_SSL -fno-strict-aliasing sqliteloggingplugin.cpp -c -I/usr/local/include
c++ sqliteloggingplugin.o libimspector.so  -fPIC -shared -Wl,-soname,sqliteloggingplugin.so -o sqliteloggingplugin.so -L/usr/local/lib -lsqlite3
c++ -O2 -pipe -fPIC -I /usr/local/include -DHAVE_SSL -fno-strict-aliasing postgresqlloggingplugin.cpp -c -I/usr/local/include	
c++ postgresqlloggingplugin.o libimspector.so  -fPIC -shared -Wl,-soname,postgresqlloggingplugin.so -o postgresqlloggingplugin.so -L/usr/local/lib -lpq
c++ -O2 -pipe -fPIC -I /usr/local/include -DHAVE_SSL -fno-strict-aliasing dbfilterplugin.cpp -c -I/usr/local/include
c++ dbfilterplugin.o libimspector.so  -fPIC -shared -Wl,-soname,dbfilterplugin.so -o dbfilterplugin.so -L/usr/local/lib -lsqlite3
c++ -O2 -pipe -fPIC -I /usr/local/include -DHAVE_SSL -fno-strict-aliasing dbresponderplugin.cpp -c -I/usr/local/include
c++ dbresponderplugin.o libimspector.so  -fPIC -shared -Wl,-soname,dbresponderplugin.so -o dbresponderplugin.so -L/usr/local/lib -lsqlite3
